TN:
SF:src\index.ts
FN:18,<instance_members_initializer>
FN:28,<static_initializer>
FN:28,getInstance
FN:35,clearInstance
FN:39,Wbf
FN:54,Wbf.overHandler
FN:55,Wbf.outHandler
FN:62,open
FN:78,close
FN:99,setOption
FN:127,changeMode
FN:138,playAudio
FN:146,emphasize
FN:150,removeEmphasize
FN:154,addHandler
FN:159,createUtterance
FN:170,createShowBarDom
FN:192,createConsole
FN:229,closeBtn.onclick
FN:231,continuousReadBtn.onclick
FN:233,fingerReadBtn.onclick
FN:235,addVolumeBtn.onclick
FN:237,reduceVolumeBtn.onclick
FN:239,addRateBtn.onclick
FN:241,reduceRateBtn.onclick
FN:244,removeConsole
FN:251,removeShowBarDom
FNF:27
FNH:17
FNDA:6,<instance_members_initializer>
FNDA:1,<static_initializer>
FNDA:7,getInstance
FNDA:6,clearInstance
FNDA:6,Wbf
FNDA:0,Wbf.overHandler
FNDA:0,Wbf.outHandler
FNDA:1,open
FNDA:1,close
FNDA:7,setOption
FNDA:2,changeMode
FNDA:1,playAudio
FNDA:1,emphasize
FNDA:1,removeEmphasize
FNDA:1,addHandler
FNDA:0,createUtterance
FNDA:1,createShowBarDom
FNDA:1,createConsole
FNDA:0,closeBtn.onclick
FNDA:0,continuousReadBtn.onclick
FNDA:0,fingerReadBtn.onclick
FNDA:0,addVolumeBtn.onclick
FNDA:0,reduceVolumeBtn.onclick
FNDA:0,addRateBtn.onclick
FNDA:0,reduceRateBtn.onclick
FNDA:1,removeConsole
FNDA:1,removeShowBarDom
DA:1,1
DA:2,1
DA:3,1
DA:4,1
DA:5,1
DA:6,1
DA:7,1
DA:8,1
DA:9,1
DA:10,1
DA:11,1
DA:12,1
DA:13,1
DA:14,1
DA:15,1
DA:16,1
DA:17,1
DA:18,1
DA:19,6
DA:20,6
DA:21,6
DA:22,6
DA:23,6
DA:24,6
DA:25,6
DA:26,6
DA:27,6
DA:28,1
DA:29,7
DA:30,6
DA:31,6
DA:32,7
DA:33,7
DA:34,1
DA:35,1
DA:36,6
DA:37,6
DA:38,1
DA:39,1
DA:40,6
DA:41,6
DA:42,6
DA:43,6
DA:44,6
DA:45,6
DA:46,6
DA:47,6
DA:48,0
DA:49,6
DA:50,6
DA:51,6
DA:52,6
DA:53,6
DA:54,6
DA:55,6
DA:56,6
DA:57,0
DA:58,0
DA:59,0
DA:60,6
DA:61,1
DA:62,1
DA:63,1
DA:64,1
DA:65,1
DA:66,1
DA:67,1
DA:68,1
DA:69,1
DA:70,1
DA:71,1
DA:72,1
DA:73,1
DA:74,1
DA:75,1
DA:76,1
DA:77,1
DA:78,1
DA:79,1
DA:80,1
DA:81,1
DA:82,1
DA:83,1
DA:84,1
DA:85,1
DA:86,1
DA:87,1
DA:88,0
DA:89,1
DA:90,1
DA:91,1
DA:92,1
DA:93,1
DA:94,1
DA:95,1
DA:96,1
DA:97,1
DA:98,1
DA:99,1
DA:100,7
DA:101,0
DA:102,0
DA:103,7
DA:104,7
DA:105,7
DA:106,2
DA:107,2
DA:108,2
DA:109,2
DA:110,7
DA:111,2
DA:112,2
DA:113,2
DA:114,2
DA:115,7
DA:116,2
DA:117,2
DA:118,2
DA:119,2
DA:120,7
DA:121,1
DA:122,7
DA:123,7
DA:124,7
DA:125,1
DA:126,1
DA:127,1
DA:128,2
DA:129,0
DA:130,0
DA:131,2
DA:132,2
DA:133,1
DA:134,1
DA:135,1
DA:136,2
DA:137,1
DA:138,1
DA:139,1
DA:140,1
DA:141,1
DA:142,1
DA:143,1
DA:144,1
DA:145,1
DA:146,1
DA:147,1
DA:148,1
DA:149,1
DA:150,1
DA:151,1
DA:152,1
DA:153,1
DA:154,1
DA:155,1
DA:156,1
DA:157,1
DA:158,1
DA:159,1
DA:160,0
DA:161,0
DA:162,0
DA:163,0
DA:164,0
DA:165,0
DA:166,0
DA:167,0
DA:168,0
DA:169,1
DA:170,1
DA:171,1
DA:172,1
DA:173,1
DA:174,1
DA:175,1
DA:176,1
DA:177,1
DA:178,1
DA:179,1
DA:180,1
DA:181,1
DA:182,1
DA:183,1
DA:184,1
DA:185,1
DA:186,1
DA:187,1
DA:188,1
DA:189,1
DA:190,1
DA:191,1
DA:192,1
DA:193,1
DA:194,1
DA:195,1
DA:196,1
DA:197,1
DA:198,1
DA:199,1
DA:200,1
DA:201,1
DA:202,1
DA:203,1
DA:204,1
DA:205,1
DA:206,1
DA:207,1
DA:208,1
DA:209,1
DA:210,1
DA:211,1
DA:212,1
DA:213,1
DA:214,1
DA:215,1
DA:216,1
DA:217,1
DA:218,1
DA:219,1
DA:220,1
DA:221,1
DA:222,1
DA:223,1
DA:224,1
DA:225,1
DA:226,1
DA:227,1
DA:228,1
DA:229,1
DA:230,1
DA:231,1
DA:232,1
DA:233,1
DA:234,1
DA:235,1
DA:236,1
DA:237,1
DA:238,1
DA:239,1
DA:240,1
DA:241,1
DA:242,1
DA:243,1
DA:244,1
DA:245,1
DA:246,1
DA:247,1
DA:248,1
DA:249,1
DA:250,1
DA:251,1
DA:252,1
DA:253,1
DA:254,1
DA:255,1
DA:256,1
DA:257,1
DA:258,1
DA:259,1
DA:260,1
DA:261,1
DA:262,1
DA:263,1
DA:264,1
DA:265,1
DA:266,1
DA:267,1
DA:268,1
DA:269,1
LF:269
LH:251
BRDA:18,0,0,6
BRDA:28,1,0,1
BRDA:28,2,0,7
BRDA:29,3,0,6
BRDA:35,4,0,6
BRDA:39,5,0,6
BRDA:40,6,0,0
BRDA:45,7,0,5
BRDA:46,8,0,1
BRDA:47,9,0,0
BRDA:49,10,0,0
BRDA:50,11,0,0
BRDA:51,12,0,0
BRDA:52,13,0,0
BRDA:56,14,0,0
BRDA:62,15,0,1
BRDA:67,16,0,0
BRDA:78,17,0,1
BRDA:90,18,0,0
BRDA:99,19,0,7
BRDA:100,20,0,0
BRDA:100,21,0,0
BRDA:103,22,0,0
BRDA:105,23,0,2
BRDA:107,24,0,1
BRDA:108,25,0,0
BRDA:110,26,0,2
BRDA:112,27,0,1
BRDA:113,28,0,0
BRDA:115,29,0,2
BRDA:117,30,0,1
BRDA:118,31,0,0
BRDA:120,32,0,1
BRDA:127,33,0,2
BRDA:128,34,0,0
BRDA:132,35,0,1
BRDA:138,36,0,1
BRDA:140,37,0,0
BRDA:142,38,0,0
BRDA:146,39,0,1
BRDA:150,40,0,1
BRDA:154,41,0,1
BRDA:170,42,0,1
BRDA:172,43,0,0
BRDA:192,44,0,1
BRDA:194,45,0,0
BRDA:244,46,0,1
BRDA:251,47,0,1
BRF:48
BRH:28
end_of_record
